
ROM used:   323/2048 (16%)
            323/2048 (16%) including unused fragments

            0.3 Average locations per line
            3.0 Average locations per statement

RAM used:   5/128 (4%) at main() level
            16/128 (12%) worst case

Stack used: 0 worst case (0 in main + 0 for interrupts)
Stack size: 8

Lines Stmts  %   Files
----- ----- ---  -----
   32     9   8  main.c
   13     0   0  main.h
  630     0   0  ..\..\..\..\..\..\Program Files (x86)\PICC\Devices\16F616.h
  456   100  92  ..\..\..\..\..\..\Program Files (x86)\PICC\Drivers\lcd.c
----- -----
 1131   109 Total

Page ROM  %  RAM    Vol Diff  Functions:
---- --- --- ---    --- ----  ----------
0     19   6    1             @delay_ms1
 Inline         3    760  4.5  lcd_read_byte
0     49  15    2    262  3.7  lcd_read_nibble
0     44  14    1    399  2.4  lcd_send_nibble
 Inline         3    415  3.7  lcd_send_byte
0    157  49    6    852  6.2  lcd_init
0     50  15    1    156  2.2  MAIN
 Inline         0             @cinit1

Program metrics:
    Functions               6
    Statements              109
    Comments                213
    Volume (V)              4059
    Difficulty (D)          22.6
    Effort to implement (E) 91848
    Time to implement (T)   1 hours, 25 minutes
    Est Delivered Bugs (B)  1
    Cyclomatic Complexity   2
    Maintainability (MI)    100

 Segment     Used  Free
-----------  ----  ----
00000-00003     4  0  
00004-007FF   319  1725  



